08:54:59.164 default [background-preinit] INFO  o.h.validator.internal.util.Version - HV000001: Hibernate Validator 6.2.5.Final
08:54:59.174 default [restartedMain] INFO  c.e.d.DemoCommunicateApiApplication - Starting DemoCommunicateApiApplication using Java 17.0.8.1 on ITDC-6716 with PID 15672 (D:\eclipse\demoCommunicateAPI\demoCommunicateAPI\target\classes started by user in D:\eclipse\demoCommunicateAPI\demoCommunicateAPI)
08:54:59.175 default [restartedMain] INFO  c.e.d.DemoCommunicateApiApplication - No active profile set, falling back to 1 default profile: "default"
08:54:59.242 default [restartedMain] INFO  o.s.b.d.e.DevToolsPropertyDefaultsPostProcessor - Devtools property defaults active! Set 'spring.devtools.add-properties' to 'false' to disable
08:54:59.243 default [restartedMain] INFO  o.s.b.d.e.DevToolsPropertyDefaultsPostProcessor - For additional web related logging consider setting the 'logging.level.web' property to 'DEBUG'
08:55:00.183 default [restartedMain] INFO  o.s.d.r.c.RepositoryConfigurationDelegate - Bootstrapping Spring Data JPA repositories in DEFAULT mode.
08:55:00.197 default [restartedMain] INFO  o.s.d.r.c.RepositoryConfigurationDelegate - Finished Spring Data repository scanning in 5 ms. Found 0 JPA repository interfaces.
08:55:01.236 default [restartedMain] INFO  o.s.b.w.e.tomcat.TomcatWebServer - Tomcat initialized with port(s): 8080 (http)
08:55:01.253 default [restartedMain] INFO  o.a.coyote.http11.Http11NioProtocol - Initializing ProtocolHandler ["http-nio-8080"]
08:55:01.254 default [restartedMain] INFO  o.a.catalina.core.StandardService - Starting service [Tomcat]
08:55:01.254 default [restartedMain] INFO  o.a.catalina.core.StandardEngine - Starting Servlet engine: [Apache Tomcat/9.0.71]
08:55:01.453 default [restartedMain] INFO  o.a.c.c.C.[Tomcat].[localhost].[/] - Initializing Spring embedded WebApplicationContext
08:55:01.453 default [restartedMain] INFO  o.s.b.w.s.c.ServletWebServerApplicationContext - Root WebApplicationContext: initialization completed in 2209 ms
08:55:01.499 default [restartedMain] INFO  com.zaxxer.hikari.HikariDataSource - HikariPool-1 - Starting...
08:55:01.759 default [restartedMain] INFO  com.zaxxer.hikari.HikariDataSource - HikariPool-1 - Start completed.
08:55:01.777 default [restartedMain] INFO  o.s.b.a.h.H2ConsoleAutoConfiguration - H2 console available at '/h2-console'. Database available at 'jdbc:h2:mem:daf19d57-3daf-4a7c-bbe1-e92d04418235'
08:55:01.984 default [restartedMain] INFO  o.h.jpa.internal.util.LogHelper - HHH000204: Processing PersistenceUnitInfo [name: default]
08:55:02.079 default [restartedMain] INFO  org.hibernate.Version - HHH000412: Hibernate ORM core version 5.6.15.Final
08:55:02.316 default [restartedMain] INFO  o.h.annotations.common.Version - HCANN000001: Hibernate Commons Annotations {5.1.2.Final}
08:55:02.477 default [restartedMain] INFO  org.hibernate.dialect.Dialect - HHH000400: Using dialect: org.hibernate.dialect.H2Dialect
08:55:02.783 default [restartedMain] INFO  o.h.e.t.j.p.i.JtaPlatformInitiator - HHH000490: Using JtaPlatform implementation: [org.hibernate.engine.transaction.jta.platform.internal.NoJtaPlatform]
08:55:02.825 default [restartedMain] INFO  o.s.o.j.LocalContainerEntityManagerFactoryBean - Initialized JPA EntityManagerFactory for persistence unit 'default'
08:55:03.601 default [restartedMain] WARN  o.s.b.a.o.j.JpaBaseConfiguration$JpaWebConfiguration - spring.jpa.open-in-view is enabled by default. Therefore, database queries may be performed during view rendering. Explicitly configure spring.jpa.open-in-view to disable this warning
08:55:04.432 default [restartedMain] INFO  o.s.s.web.DefaultSecurityFilterChain - Will secure any request with [org.springframework.security.web.session.DisableEncodeUrlFilter@38c46d44, org.springframework.security.web.context.request.async.WebAsyncManagerIntegrationFilter@5c0c20bd, org.springframework.security.web.context.SecurityContextPersistenceFilter@425e1f9, org.springframework.security.web.header.HeaderWriterFilter@158a4fa8, org.springframework.security.web.csrf.CsrfFilter@18029160, org.springframework.security.web.authentication.logout.LogoutFilter@618e7471, org.springframework.security.web.savedrequest.RequestCacheAwareFilter@6f86c0d6, org.springframework.security.web.servletapi.SecurityContextHolderAwareRequestFilter@7120de6c, org.springframework.security.web.authentication.AnonymousAuthenticationFilter@7e8bee1a, org.springframework.security.web.session.SessionManagementFilter@20ce5131, org.springframework.security.web.access.ExceptionTranslationFilter@7bd2bbd, org.springframework.security.web.access.intercept.FilterSecurityInterceptor@4b90c2bf]
08:55:04.581 default [restartedMain] INFO  s.d.s.w.PropertySourcedRequestMappingHandlerMapping - Mapped URL path [/v2/api-docs] onto method [springfox.documentation.swagger2.web.Swagger2Controller#getDocumentation(String, HttpServletRequest)]
08:55:04.855 default [restartedMain] INFO  o.s.b.d.a.OptionalLiveReloadServer - LiveReload server is running on port 35729
08:55:05.633 default [restartedMain] INFO  o.a.coyote.http11.Http11NioProtocol - Starting ProtocolHandler ["http-nio-8080"]
08:55:05.763 default [restartedMain] INFO  o.s.b.w.e.tomcat.TomcatWebServer - Tomcat started on port(s): 8080 (http) with context path ''
08:55:05.766 default [restartedMain] INFO  s.d.s.w.p.DocumentationPluginsBootstrapper - Context refreshed
08:55:05.817 default [restartedMain] INFO  s.d.s.w.p.DocumentationPluginsBootstrapper - Found 1 custom documentation plugin(s)
08:55:05.863 default [restartedMain] INFO  s.d.s.w.s.ApiListingReferenceScanner - Scanning for api listing references
08:55:06.182 default [restartedMain] INFO  c.e.d.DemoCommunicateApiApplication - Started DemoCommunicateApiApplication in 7.424 seconds (JVM running for 8.25)
08:56:04.753 default [http-nio-8080-exec-1] INFO  o.a.c.c.C.[Tomcat].[localhost].[/] - Initializing Spring DispatcherServlet 'dispatcherServlet'
08:56:04.753 default [http-nio-8080-exec-1] INFO  o.s.web.servlet.DispatcherServlet - Initializing Servlet 'dispatcherServlet'
08:56:04.760 default [http-nio-8080-exec-1] INFO  o.s.web.servlet.DispatcherServlet - Completed initialization in 7 ms
08:56:05.627 default [http-nio-8080-exec-1] WARN  o.s.web.servlet.PageNotFound - No mapping for GET /
08:56:05.680 default [http-nio-8080-exec-5] WARN  o.s.web.servlet.PageNotFound - No mapping for GET /csrf
10:43:30.025 default [HikariPool-1 housekeeper] WARN  com.zaxxer.hikari.pool.HikariPool - HikariPool-1 - Thread starvation or clock leap detected (housekeeper delta=7m26s454ms597µs500ns).
13:44:18.265 default [HikariPool-1 housekeeper] WARN  com.zaxxer.hikari.pool.HikariPool - HikariPool-1 - Thread starvation or clock leap detected (housekeeper delta=1h20m16s726ms12µs300ns).
15:57:19.760 default [main] INFO  o.s.b.t.c.SpringBootTestContextBootstrapper - Neither @ContextConfiguration nor @ContextHierarchy found for test class [com.example.demoCommunicateAPI.DemoCommunicateApiApplicationTests], using SpringBootContextLoader
15:57:19.765 default [main] INFO  o.s.t.c.s.AbstractContextLoader - Could not detect default resource locations for test class [com.example.demoCommunicateAPI.DemoCommunicateApiApplicationTests]: no resource found for suffixes {-context.xml, Context.groovy}.
15:57:19.766 default [main] INFO  o.s.t.c.s.AnnotationConfigContextLoaderUtils - Could not detect default configuration classes for test class [com.example.demoCommunicateAPI.DemoCommunicateApiApplicationTests]: DemoCommunicateApiApplicationTests does not declare any static, non-private, non-final, nested classes annotated with @Configuration.
15:57:19.879 default [main] INFO  o.s.b.t.c.SpringBootTestContextBootstrapper - Found @SpringBootConfiguration com.example.demoCommunicateAPI.DemoCommunicateApiApplication for test class com.example.demoCommunicateAPI.DemoCommunicateApiApplicationTests
15:57:19.991 default [main] INFO  o.s.b.t.c.SpringBootTestContextBootstrapper - Loaded default TestExecutionListener class names from location [META-INF/spring.factories]: [org.springframework.boot.test.mock.mockito.MockitoTestExecutionListener, org.springframework.boot.test.mock.mockito.ResetMocksTestExecutionListener, org.springframework.boot.test.autoconfigure.restdocs.RestDocsTestExecutionListener, org.springframework.boot.test.autoconfigure.web.client.MockRestServiceServerResetTestExecutionListener, org.springframework.boot.test.autoconfigure.web.servlet.MockMvcPrintOnlyOnFailureTestExecutionListener, org.springframework.boot.test.autoconfigure.web.servlet.WebDriverTestExecutionListener, org.springframework.boot.test.autoconfigure.webservices.client.MockWebServiceServerTestExecutionListener, org.springframework.test.context.web.ServletTestExecutionListener, org.springframework.test.context.support.DirtiesContextBeforeModesTestExecutionListener, org.springframework.test.context.event.ApplicationEventsTestExecutionListener, org.springframework.test.context.support.DependencyInjectionTestExecutionListener, org.springframework.test.context.support.DirtiesContextTestExecutionListener, org.springframework.test.context.transaction.TransactionalTestExecutionListener, org.springframework.test.context.jdbc.SqlScriptsTestExecutionListener, org.springframework.test.context.event.EventPublishingTestExecutionListener, org.springframework.security.test.context.support.WithSecurityContextTestExecutionListener, org.springframework.security.test.context.support.ReactorContextTestExecutionListener]
15:57:20.014 default [main] INFO  o.s.b.t.c.SpringBootTestContextBootstrapper - Using TestExecutionListeners: [org.springframework.test.context.web.ServletTestExecutionListener@f415a95, org.springframework.test.context.support.DirtiesContextBeforeModesTestExecutionListener@cf65451, org.springframework.test.context.event.ApplicationEventsTestExecutionListener@724f138e, org.springframework.boot.test.mock.mockito.MockitoTestExecutionListener@37eeec90, org.springframework.boot.test.autoconfigure.SpringBootDependencyInjectionTestExecutionListener@32fe9d0a, org.springframework.test.context.support.DirtiesContextTestExecutionListener@c9413d8, org.springframework.test.context.transaction.TransactionalTestExecutionListener@64da2a7, org.springframework.test.context.jdbc.SqlScriptsTestExecutionListener@46074492, org.springframework.test.context.event.EventPublishingTestExecutionListener@d78795, org.springframework.security.test.context.support.WithSecurityContextTestExecutionListener@2c715e84, org.springframework.security.test.context.support.ReactorContextTestExecutionListener@47428937, org.springframework.boot.test.mock.mockito.ResetMocksTestExecutionListener@3b9d6699, org.springframework.boot.test.autoconfigure.restdocs.RestDocsTestExecutionListener@7caa550, org.springframework.boot.test.autoconfigure.web.client.MockRestServiceServerResetTestExecutionListener@21694e53, org.springframework.boot.test.autoconfigure.web.servlet.MockMvcPrintOnlyOnFailureTestExecutionListener@72b16078, org.springframework.boot.test.autoconfigure.web.servlet.WebDriverTestExecutionListener@22c86919, org.springframework.boot.test.autoconfigure.webservices.client.MockWebServiceServerTestExecutionListener@70fab835]
15:57:20.396 default [main] INFO  c.e.d.DemoCommunicateApiApplicationTests - Starting DemoCommunicateApiApplicationTests using Java 17.0.8.1 on ITDC-6716 with PID 13652 (started by user in D:\eclipse\demoCommunicateAPI\demoCommunicateAPI)
15:57:20.397 default [main] INFO  c.e.d.DemoCommunicateApiApplicationTests - No active profile set, falling back to 1 default profile: "default"
15:57:20.407 default [background-preinit] INFO  o.h.validator.internal.util.Version - HV000001: Hibernate Validator 6.2.5.Final
15:57:21.537 default [main] INFO  o.s.d.r.c.RepositoryConfigurationDelegate - Bootstrapping Spring Data JPA repositories in DEFAULT mode.
15:57:21.560 default [main] INFO  o.s.d.r.c.RepositoryConfigurationDelegate - Finished Spring Data repository scanning in 9 ms. Found 0 JPA repository interfaces.
15:57:22.328 default [main] INFO  com.zaxxer.hikari.HikariDataSource - HikariPool-1 - Starting...
15:57:22.516 default [main] INFO  com.zaxxer.hikari.HikariDataSource - HikariPool-1 - Start completed.
15:57:22.590 default [main] INFO  o.h.jpa.internal.util.LogHelper - HHH000204: Processing PersistenceUnitInfo [name: default]
15:57:22.679 default [main] INFO  org.hibernate.Version - HHH000412: Hibernate ORM core version 5.6.15.Final
15:57:22.866 default [main] INFO  o.h.annotations.common.Version - HCANN000001: Hibernate Commons Annotations {5.1.2.Final}
15:57:23.029 default [main] INFO  org.hibernate.dialect.Dialect - HHH000400: Using dialect: org.hibernate.dialect.H2Dialect
15:57:23.253 default [main] INFO  o.h.e.t.j.p.i.JtaPlatformInitiator - HHH000490: Using JtaPlatform implementation: [org.hibernate.engine.transaction.jta.platform.internal.NoJtaPlatform]
15:57:23.267 default [main] INFO  o.s.o.j.LocalContainerEntityManagerFactoryBean - Initialized JPA EntityManagerFactory for persistence unit 'default'
15:57:24.052 default [main] WARN  o.s.b.a.o.j.JpaBaseConfiguration$JpaWebConfiguration - spring.jpa.open-in-view is enabled by default. Therefore, database queries may be performed during view rendering. Explicitly configure spring.jpa.open-in-view to disable this warning
15:57:24.554 default [main] INFO  o.s.s.web.DefaultSecurityFilterChain - Will secure any request with [org.springframework.security.web.session.DisableEncodeUrlFilter@71d2261e, org.springframework.security.web.context.request.async.WebAsyncManagerIntegrationFilter@53917c92, org.springframework.security.web.context.SecurityContextPersistenceFilter@2346f77a, org.springframework.security.web.header.HeaderWriterFilter@4a49919c, org.springframework.security.web.csrf.CsrfFilter@5b6f3d0b, org.springframework.security.web.authentication.logout.LogoutFilter@212c0aff, org.springframework.security.web.savedrequest.RequestCacheAwareFilter@4b9b5da5, org.springframework.security.web.servletapi.SecurityContextHolderAwareRequestFilter@5ff29e8b, org.springframework.security.web.authentication.AnonymousAuthenticationFilter@1fa796a4, org.springframework.security.web.session.SessionManagementFilter@5fd31df7, org.springframework.security.web.access.ExceptionTranslationFilter@25109d84, org.springframework.security.web.access.intercept.FilterSecurityInterceptor@69a294d8]
15:57:24.627 default [main] INFO  s.d.s.w.PropertySourcedRequestMappingHandlerMapping - Mapped URL path [/v2/api-docs] onto method [springfox.documentation.swagger2.web.Swagger2Controller#getDocumentation(String, HttpServletRequest)]
15:57:25.558 default [main] INFO  s.d.s.w.p.DocumentationPluginsBootstrapper - Context refreshed
15:57:25.586 default [main] INFO  s.d.s.w.p.DocumentationPluginsBootstrapper - Found 1 custom documentation plugin(s)
15:57:25.619 default [main] INFO  s.d.s.w.s.ApiListingReferenceScanner - Scanning for api listing references
15:57:25.760 default [main] INFO  c.e.d.DemoCommunicateApiApplicationTests - Started DemoCommunicateApiApplicationTests in 5.683 seconds (JVM running for 6.94)
15:57:26.216 default [SpringApplicationShutdownHook] INFO  o.s.o.j.LocalContainerEntityManagerFactoryBean - Closing JPA EntityManagerFactory for persistence unit 'default'
15:57:26.217 default [SpringApplicationShutdownHook] INFO  o.h.t.s.i.SchemaDropperImpl$DelayedDropActionImpl - HHH000477: Starting delayed evictData of schema as part of SessionFactory shut-down'
15:57:26.226 default [SpringApplicationShutdownHook] INFO  com.zaxxer.hikari.HikariDataSource - HikariPool-1 - Shutdown initiated...
15:57:26.232 default [SpringApplicationShutdownHook] INFO  com.zaxxer.hikari.HikariDataSource - HikariPool-1 - Shutdown completed.
17:29:13.863 default [background-preinit] INFO  o.h.validator.internal.util.Version - HV000001: Hibernate Validator 6.2.5.Final
17:29:13.867 default [restartedMain] INFO  c.e.d.DemoCommunicateApiApplication - Starting DemoCommunicateApiApplication using Java 17.0.8.1 on ITDC-6716 with PID 8780 (D:\eclipse\demoCommunicateAPI\demoCommunicateAPI\target\classes started by user in D:\eclipse\demoCommunicateAPI\demoCommunicateAPI)
17:29:13.870 default [restartedMain] INFO  c.e.d.DemoCommunicateApiApplication - No active profile set, falling back to 1 default profile: "default"
17:29:13.950 default [restartedMain] INFO  o.s.b.d.e.DevToolsPropertyDefaultsPostProcessor - Devtools property defaults active! Set 'spring.devtools.add-properties' to 'false' to disable
17:29:13.950 default [restartedMain] INFO  o.s.b.d.e.DevToolsPropertyDefaultsPostProcessor - For additional web related logging consider setting the 'logging.level.web' property to 'DEBUG'
17:29:15.162 default [restartedMain] INFO  o.s.d.r.c.RepositoryConfigurationDelegate - Bootstrapping Spring Data JPA repositories in DEFAULT mode.
17:29:15.183 default [restartedMain] INFO  o.s.d.r.c.RepositoryConfigurationDelegate - Finished Spring Data repository scanning in 8 ms. Found 0 JPA repository interfaces.
17:29:16.184 default [restartedMain] INFO  o.s.b.w.e.tomcat.TomcatWebServer - Tomcat initialized with port(s): 8080 (http)
17:29:16.203 default [restartedMain] INFO  o.a.coyote.http11.Http11NioProtocol - Initializing ProtocolHandler ["http-nio-8080"]
17:29:16.204 default [restartedMain] INFO  o.a.catalina.core.StandardService - Starting service [Tomcat]
17:29:16.205 default [restartedMain] INFO  o.a.catalina.core.StandardEngine - Starting Servlet engine: [Apache Tomcat/9.0.71]
17:29:16.519 default [restartedMain] INFO  o.a.c.c.C.[Tomcat].[localhost].[/] - Initializing Spring embedded WebApplicationContext
17:29:16.520 default [restartedMain] INFO  o.s.b.w.s.c.ServletWebServerApplicationContext - Root WebApplicationContext: initialization completed in 2569 ms
17:29:16.619 default [restartedMain] INFO  com.zaxxer.hikari.HikariDataSource - HikariPool-1 - Starting...
17:29:17.010 default [restartedMain] INFO  com.zaxxer.hikari.HikariDataSource - HikariPool-1 - Start completed.
17:29:17.036 default [restartedMain] INFO  o.s.b.a.h.H2ConsoleAutoConfiguration - H2 console available at '/h2-console'. Database available at 'jdbc:h2:mem:ea6d7b32-d8a4-45af-ad3c-b0f54287873f'
17:29:17.267 default [restartedMain] INFO  o.h.jpa.internal.util.LogHelper - HHH000204: Processing PersistenceUnitInfo [name: default]
17:29:17.356 default [restartedMain] INFO  org.hibernate.Version - HHH000412: Hibernate ORM core version 5.6.15.Final
17:29:17.606 default [restartedMain] INFO  o.h.annotations.common.Version - HCANN000001: Hibernate Commons Annotations {5.1.2.Final}
17:29:17.762 default [restartedMain] INFO  org.hibernate.dialect.Dialect - HHH000400: Using dialect: org.hibernate.dialect.H2Dialect
17:29:18.000 default [restartedMain] INFO  o.h.e.t.j.p.i.JtaPlatformInitiator - HHH000490: Using JtaPlatform implementation: [org.hibernate.engine.transaction.jta.platform.internal.NoJtaPlatform]
17:29:18.012 default [restartedMain] INFO  o.s.o.j.LocalContainerEntityManagerFactoryBean - Initialized JPA EntityManagerFactory for persistence unit 'default'
17:29:18.642 default [restartedMain] WARN  o.s.b.a.o.j.JpaBaseConfiguration$JpaWebConfiguration - spring.jpa.open-in-view is enabled by default. Therefore, database queries may be performed during view rendering. Explicitly configure spring.jpa.open-in-view to disable this warning
17:29:19.040 default [restartedMain] INFO  o.s.s.web.DefaultSecurityFilterChain - Will secure any request with [org.springframework.security.web.session.DisableEncodeUrlFilter@4a9e3f77, org.springframework.security.web.context.request.async.WebAsyncManagerIntegrationFilter@38de8377, org.springframework.security.web.context.SecurityContextPersistenceFilter@7f678e6d, org.springframework.security.web.header.HeaderWriterFilter@17516fe7, org.springframework.security.web.csrf.CsrfFilter@774788ee, org.springframework.security.web.authentication.logout.LogoutFilter@10c530de, org.springframework.security.web.savedrequest.RequestCacheAwareFilter@574f4991, org.springframework.security.web.servletapi.SecurityContextHolderAwareRequestFilter@612782e0, org.springframework.security.web.authentication.AnonymousAuthenticationFilter@490a0dea, org.springframework.security.web.session.SessionManagementFilter@3e9e6365, org.springframework.security.web.access.ExceptionTranslationFilter@d693f66, org.springframework.security.web.access.intercept.FilterSecurityInterceptor@7fd2581d]
17:29:19.096 default [restartedMain] INFO  s.d.s.w.PropertySourcedRequestMappingHandlerMapping - Mapped URL path [/v2/api-docs] onto method [springfox.documentation.swagger2.web.Swagger2Controller#getDocumentation(String, HttpServletRequest)]
17:29:19.350 default [restartedMain] INFO  o.s.b.d.a.OptionalLiveReloadServer - LiveReload server is running on port 35729
17:29:19.925 default [restartedMain] INFO  o.a.coyote.http11.Http11NioProtocol - Starting ProtocolHandler ["http-nio-8080"]
17:29:20.001 default [restartedMain] INFO  o.s.b.w.e.tomcat.TomcatWebServer - Tomcat started on port(s): 8080 (http) with context path ''
17:29:20.004 default [restartedMain] INFO  s.d.s.w.p.DocumentationPluginsBootstrapper - Context refreshed
17:29:20.076 default [restartedMain] INFO  s.d.s.w.p.DocumentationPluginsBootstrapper - Found 1 custom documentation plugin(s)
17:29:20.141 default [restartedMain] INFO  s.d.s.w.s.ApiListingReferenceScanner - Scanning for api listing references
17:29:20.366 default [restartedMain] INFO  c.e.d.DemoCommunicateApiApplication - Started DemoCommunicateApiApplication in 6.962 seconds (JVM running for 7.817)
17:29:26.806 default [http-nio-8080-exec-2] INFO  o.a.c.c.C.[Tomcat].[localhost].[/] - Initializing Spring DispatcherServlet 'dispatcherServlet'
17:29:26.806 default [http-nio-8080-exec-2] INFO  o.s.web.servlet.DispatcherServlet - Initializing Servlet 'dispatcherServlet'
17:29:26.808 default [http-nio-8080-exec-2] INFO  o.s.web.servlet.DispatcherServlet - Completed initialization in 1 ms
17:29:27.431 default [http-nio-8080-exec-1] WARN  o.s.web.servlet.PageNotFound - No mapping for GET /
17:29:27.493 default [http-nio-8080-exec-4] WARN  o.s.web.servlet.PageNotFound - No mapping for GET /csrf
17:29:31.491 default [http-nio-8080-exec-9] INFO  c.e.d.C.DepositProductInfoController - getDomesticDemandList
