16:24:46.080 default [restartedMain] INFO  c.e.d.DemoCommunicateApiApplication
				- Starting DemoCommunicateApiApplication using Java 17.0.8.1 on ITDC-6716 with PID 17212 (D:\eclipse\demoCommunicateAPI\demoCommunicateAPI\target\classes started by user in D:\eclipse\demoCommunicateAPI\demoCommunicateAPI)
16:24:46.080 default [restartedMain] INFO  c.e.d.DemoCommunicateApiApplication
				- No active profile set, falling back to 1 default profile: "default"
16:24:46.474 default [restartedMain] INFO  o.s.d.r.c.RepositoryConfigurationDelegate
				- Bootstrapping Spring Data JPA repositories in DEFAULT mode.
16:24:46.477 default [restartedMain] INFO  o.s.d.r.c.RepositoryConfigurationDelegate
				- Finished Spring Data repository scanning in 2 ms. Found 0 JPA repository interfaces.
16:24:46.666 default [restartedMain] INFO  o.s.b.w.e.tomcat.TomcatWebServer
				- Tomcat initialized with port(s): 8080 (http)
16:24:46.667 default [restartedMain] INFO  o.a.coyote.http11.Http11NioProtocol
				- Initializing ProtocolHandler ["http-nio-8080"]
16:24:46.668 default [restartedMain] INFO  o.a.catalina.core.StandardService
				- Starting service [Tomcat]
16:24:46.668 default [restartedMain] INFO  o.a.catalina.core.StandardEngine
				- Starting Servlet engine: [Apache Tomcat/9.0.71]
16:24:46.699 default [restartedMain] INFO  o.a.c.c.C.[Tomcat].[localhost].[/]
				- Initializing Spring embedded WebApplicationContext
16:24:46.700 default [restartedMain] INFO  o.s.b.w.s.c.ServletWebServerApplicationContext
				- Root WebApplicationContext: initialization completed in 618 ms
16:24:46.717 default [restartedMain] INFO  com.zaxxer.hikari.HikariDataSource
				- HikariPool-2 - Starting...
16:24:46.721 default [restartedMain] INFO  com.zaxxer.hikari.HikariDataSource
				- HikariPool-2 - Start completed.
16:24:46.722 default [restartedMain] INFO  o.s.b.a.h.H2ConsoleAutoConfiguration
				- H2 console available at '/h2-console'. Database available at 'jdbc:h2:mem:a12548a8-6550-496c-8b20-68761b6d8de6'
16:24:46.765 default [restartedMain] INFO  o.h.jpa.internal.util.LogHelper
				- HHH000204: Processing PersistenceUnitInfo [name: default]
16:24:46.771 default [restartedMain] INFO  org.hibernate.dialect.Dialect
				- HHH000400: Using dialect: org.hibernate.dialect.H2Dialect
16:24:46.778 default [restartedMain] INFO  o.h.e.t.j.p.i.JtaPlatformInitiator
				- HHH000490: Using JtaPlatform implementation: [org.hibernate.engine.transaction.jta.platform.internal.NoJtaPlatform]
16:24:46.778 default [restartedMain] INFO  o.s.o.j.LocalContainerEntityManagerFactoryBean
				- Initialized JPA EntityManagerFactory for persistence unit 'default'
16:24:46.867 default [restartedMain] WARN  o.s.b.a.o.j.JpaBaseConfiguration$JpaWebConfiguration
				- spring.jpa.open-in-view is enabled by default. Therefore, database queries may be performed during view rendering. Explicitly configure spring.jpa.open-in-view to disable this warning
16:24:46.911 default [restartedMain] INFO  s.d.s.w.PropertySourcedRequestMappingHandlerMapping
				- Mapped URL path [/v2/api-docs] onto method [springfox.documentation.swagger2.web.Swagger2Controller#getDocumentation(String, HttpServletRequest)]
16:24:46.939 default [restartedMain] INFO  o.s.b.d.a.OptionalLiveReloadServer
				- LiveReload server is running on port 35729
16:24:47.019 default [restartedMain] INFO  o.a.coyote.http11.Http11NioProtocol
				- Starting ProtocolHandler ["http-nio-8080"]
16:24:47.027 default [restartedMain] INFO  o.s.b.w.e.tomcat.TomcatWebServer
				- Tomcat started on port(s): 8080 (http) with context path ''
16:24:47.028 default [restartedMain] INFO  s.d.s.w.p.DocumentationPluginsBootstrapper
				- Context refreshed
16:24:47.030 default [restartedMain] INFO  s.d.s.w.p.DocumentationPluginsBootstrapper
				- Found 1 custom documentation plugin(s)
16:24:47.038 default [restartedMain] INFO  s.d.s.w.s.ApiListingReferenceScanner
				- Scanning for api listing references
16:24:47.068 default [restartedMain] INFO  c.e.d.DemoCommunicateApiApplication
				- Started DemoCommunicateApiApplication in 1.027 seconds (JVM running for 1684.977)
16:24:47.073 default [restartedMain] INFO  o.s.b.d.a.ConditionEvaluationDeltaLoggingListener
				- Condition evaluation unchanged
16:25:05.960 default [http-nio-8080-exec-1] INFO  o.a.c.c.C.[Tomcat].[localhost].[/]
				- Initializing Spring DispatcherServlet 'dispatcherServlet'
16:25:05.961 default [http-nio-8080-exec-1] INFO  o.s.web.servlet.DispatcherServlet
				- Initializing Servlet 'dispatcherServlet'
16:25:05.962 default [http-nio-8080-exec-1] INFO  o.s.web.servlet.DispatcherServlet
				- Completed initialization in 1 ms
16:25:06.296 default [http-nio-8080-exec-6] WARN  o.s.web.servlet.PageNotFound
				- No mapping for GET /
16:25:06.339 default [http-nio-8080-exec-2] WARN  o.s.web.servlet.PageNotFound
				- No mapping for GET /csrf
16:25:09.331 default [http-nio-8080-exec-10] INFO  c.e.d.C.DepositProductInfoController
				- getDomesticDemandList
16:26:13.549 default [File Watcher] INFO  o.s.b.d.a.LocalDevToolsAutoConfiguration$RestartingClassPathChangeChangedEventListener
				- Restarting due to 1 class path change (0 additions, 0 deletions, 1 modification)
16:26:13.568 default [Thread-7] INFO  o.a.coyote.http11.Http11NioProtocol
				- Pausing ProtocolHandler ["http-nio-8080"]
16:26:13.569 default [Thread-7] INFO  o.a.catalina.core.StandardService
				- Stopping service [Tomcat]
16:26:13.570 default [Thread-7] INFO  o.a.c.c.C.[Tomcat].[localhost].[/]
				- Destroying Spring FrameworkServlet 'dispatcherServlet'
16:26:13.573 default [Thread-7] INFO  o.a.coyote.http11.Http11NioProtocol
				- Stopping ProtocolHandler ["http-nio-8080"]
16:26:13.577 default [Thread-7] INFO  o.a.coyote.http11.Http11NioProtocol
				- Destroying ProtocolHandler ["http-nio-8080"]
16:26:13.579 default [Thread-7] INFO  o.s.o.j.LocalContainerEntityManagerFactoryBean
				- Closing JPA EntityManagerFactory for persistence unit 'default'
16:26:13.579 default [Thread-7] INFO  o.h.t.s.i.SchemaDropperImpl$DelayedDropActionImpl
				- HHH000477: Starting delayed evictData of schema as part of SessionFactory shut-down'
16:26:13.794 default [Thread-7] WARN  o.s.b.f.s.DisposableBeanAdapter
				- Invocation of destroy method failed on bean with name 'inMemoryDatabaseShutdownExecutor': org.h2.jdbc.JdbcSQLNonTransientConnectionException: Database is already closed (to disable automatic closing at VM shutdown, add ";DB_CLOSE_ON_EXIT=FALSE" to the db URL) [90121-214]
16:26:13.796 default [Thread-7] INFO  com.zaxxer.hikari.HikariDataSource
				- HikariPool-2 - Shutdown initiated...
16:26:13.798 default [Thread-7] INFO  com.zaxxer.hikari.HikariDataSource
				- HikariPool-2 - Shutdown completed.
16:26:13.897 default [restartedMain] INFO  c.e.d.DemoCommunicateApiApplication - Starting DemoCommunicateApiApplication using Java 17.0.8.1 on ITDC-6716 with PID 17212 (D:\eclipse\demoCommunicateAPI\demoCommunicateAPI\target\classes started by user in D:\eclipse\demoCommunicateAPI\demoCommunicateAPI)
16:26:13.898 default [restartedMain] INFO  c.e.d.DemoCommunicateApiApplication - No active profile set, falling back to 1 default profile: "default"
16:26:14.144 default [restartedMain] INFO  o.s.d.r.c.RepositoryConfigurationDelegate - Bootstrapping Spring Data JPA repositories in DEFAULT mode.
16:26:14.147 default [restartedMain] INFO  o.s.d.r.c.RepositoryConfigurationDelegate - Finished Spring Data repository scanning in 2 ms. Found 0 JPA repository interfaces.
16:26:14.254 default [restartedMain] INFO  o.s.b.w.e.tomcat.TomcatWebServer - Tomcat initialized with port(s): 8080 (http)
16:26:14.255 default [restartedMain] INFO  o.a.coyote.http11.Http11NioProtocol - Initializing ProtocolHandler ["http-nio-8080"]
16:26:14.255 default [restartedMain] INFO  o.a.catalina.core.StandardService - Starting service [Tomcat]
16:26:14.255 default [restartedMain] INFO  o.a.catalina.core.StandardEngine - Starting Servlet engine: [Apache Tomcat/9.0.71]
16:26:14.277 default [restartedMain] INFO  o.a.c.c.C.[Tomcat].[localhost].[/] - Initializing Spring embedded WebApplicationContext
16:26:14.277 default [restartedMain] INFO  o.s.b.w.s.c.ServletWebServerApplicationContext - Root WebApplicationContext: initialization completed in 376 ms
16:26:14.286 default [restartedMain] INFO  com.zaxxer.hikari.HikariDataSource - HikariPool-3 - Starting...
16:26:14.290 default [restartedMain] INFO  com.zaxxer.hikari.HikariDataSource - HikariPool-3 - Start completed.
16:26:14.290 default [restartedMain] INFO  o.s.b.a.h.H2ConsoleAutoConfiguration - H2 console available at '/h2-console'. Database available at 'jdbc:h2:mem:418e1baf-90b7-4ecc-8099-d28b4406c17e'
16:26:14.317 default [restartedMain] INFO  o.h.jpa.internal.util.LogHelper - HHH000204: Processing PersistenceUnitInfo [name: default]
16:26:14.323 default [restartedMain] INFO  org.hibernate.dialect.Dialect - HHH000400: Using dialect: org.hibernate.dialect.H2Dialect
16:26:14.332 default [restartedMain] INFO  o.h.e.t.j.p.i.JtaPlatformInitiator - HHH000490: Using JtaPlatform implementation: [org.hibernate.engine.transaction.jta.platform.internal.NoJtaPlatform]
16:26:14.333 default [restartedMain] INFO  o.s.o.j.LocalContainerEntityManagerFactoryBean - Initialized JPA EntityManagerFactory for persistence unit 'default'
16:26:14.424 default [restartedMain] WARN  o.s.b.a.o.j.JpaBaseConfiguration$JpaWebConfiguration - spring.jpa.open-in-view is enabled by default. Therefore, database queries may be performed during view rendering. Explicitly configure spring.jpa.open-in-view to disable this warning
16:26:14.473 default [restartedMain] INFO  s.d.s.w.PropertySourcedRequestMappingHandlerMapping - Mapped URL path [/v2/api-docs] onto method [springfox.documentation.swagger2.web.Swagger2Controller#getDocumentation(String, HttpServletRequest)]
16:26:14.508 default [restartedMain] INFO  o.s.b.d.a.OptionalLiveReloadServer - LiveReload server is running on port 35729
16:26:14.569 default [restartedMain] INFO  o.a.coyote.http11.Http11NioProtocol - Starting ProtocolHandler ["http-nio-8080"]
16:26:14.578 default [restartedMain] INFO  o.s.b.w.e.tomcat.TomcatWebServer - Tomcat started on port(s): 8080 (http) with context path ''
16:26:14.578 default [restartedMain] INFO  s.d.s.w.p.DocumentationPluginsBootstrapper - Context refreshed
16:26:14.579 default [restartedMain] INFO  s.d.s.w.p.DocumentationPluginsBootstrapper - Found 1 custom documentation plugin(s)
16:26:14.584 default [restartedMain] INFO  s.d.s.w.s.ApiListingReferenceScanner - Scanning for api listing references
16:26:14.619 default [restartedMain] INFO  c.e.d.DemoCommunicateApiApplication - Started DemoCommunicateApiApplication in 0.764 seconds (JVM running for 1772.529)
16:26:14.622 default [restartedMain] INFO  o.s.b.d.a.ConditionEvaluationDeltaLoggingListener - Condition evaluation unchanged
16:31:33.033 default [http-nio-8080-exec-1] INFO  o.a.c.c.C.[Tomcat].[localhost].[/] - Initializing Spring DispatcherServlet 'dispatcherServlet'
16:31:33.033 default [http-nio-8080-exec-1] INFO  o.s.web.servlet.DispatcherServlet - Initializing Servlet 'dispatcherServlet'
16:31:33.034 default [http-nio-8080-exec-1] INFO  o.s.web.servlet.DispatcherServlet - Completed initialization in 1 ms
16:31:33.300 default [http-nio-8080-exec-2] WARN  o.s.web.servlet.PageNotFound - No mapping for GET /
16:31:33.336 default [http-nio-8080-exec-6] WARN  o.s.web.servlet.PageNotFound - No mapping for GET /csrf
16:31:36.415 default [http-nio-8080-exec-10] INFO  c.e.d.C.DepositProductInfoController - getDomesticDemandList
16:53:53.764 default [File Watcher] INFO  o.s.b.d.a.LocalDevToolsAutoConfiguration$RestartingClassPathChangeChangedEventListener - Restarting due to 1 class path change (0 additions, 0 deletions, 1 modification)
16:53:53.779 default [Thread-12] INFO  o.a.coyote.http11.Http11NioProtocol - Pausing ProtocolHandler ["http-nio-8080"]
16:53:53.780 default [Thread-12] INFO  o.a.catalina.core.StandardService - Stopping service [Tomcat]
16:53:53.780 default [Thread-12] INFO  o.a.c.c.C.[Tomcat].[localhost].[/] - Destroying Spring FrameworkServlet 'dispatcherServlet'
16:53:53.782 default [Thread-12] INFO  o.a.coyote.http11.Http11NioProtocol - Stopping ProtocolHandler ["http-nio-8080"]
16:53:53.783 default [Thread-12] INFO  o.a.coyote.http11.Http11NioProtocol - Destroying ProtocolHandler ["http-nio-8080"]
16:53:53.784 default [Thread-12] INFO  o.s.o.j.LocalContainerEntityManagerFactoryBean - Closing JPA EntityManagerFactory for persistence unit 'default'
16:53:53.784 default [Thread-12] INFO  o.h.t.s.i.SchemaDropperImpl$DelayedDropActionImpl - HHH000477: Starting delayed evictData of schema as part of SessionFactory shut-down'
16:53:53.991 default [Thread-12] WARN  o.s.b.f.s.DisposableBeanAdapter - Invocation of destroy method failed on bean with name 'inMemoryDatabaseShutdownExecutor': org.h2.jdbc.JdbcSQLNonTransientConnectionException: Database is already closed (to disable automatic closing at VM shutdown, add ";DB_CLOSE_ON_EXIT=FALSE" to the db URL) [90121-214]
16:53:53.991 default [Thread-12] INFO  com.zaxxer.hikari.HikariDataSource - HikariPool-3 - Shutdown initiated...
16:53:53.992 default [Thread-12] INFO  com.zaxxer.hikari.HikariDataSource - HikariPool-3 - Shutdown completed.
16:53:54.095 default [restartedMain] INFO  c.e.d.DemoCommunicateApiApplication - Starting DemoCommunicateApiApplication using Java 17.0.8.1 on ITDC-6716 with PID 17212 (D:\eclipse\demoCommunicateAPI\demoCommunicateAPI\target\classes started by user in D:\eclipse\demoCommunicateAPI\demoCommunicateAPI)
16:53:54.096 default [restartedMain] INFO  c.e.d.DemoCommunicateApiApplication - No active profile set, falling back to 1 default profile: "default"
16:53:54.373 default [restartedMain] INFO  o.s.d.r.c.RepositoryConfigurationDelegate - Bootstrapping Spring Data JPA repositories in DEFAULT mode.
16:53:54.375 default [restartedMain] INFO  o.s.d.r.c.RepositoryConfigurationDelegate - Finished Spring Data repository scanning in 2 ms. Found 0 JPA repository interfaces.
16:53:54.470 default [restartedMain] INFO  o.s.b.w.e.tomcat.TomcatWebServer - Tomcat initialized with port(s): 8080 (http)
16:53:54.471 default [restartedMain] INFO  o.a.coyote.http11.Http11NioProtocol - Initializing ProtocolHandler ["http-nio-8080"]
16:53:54.471 default [restartedMain] INFO  o.a.catalina.core.StandardService - Starting service [Tomcat]
16:53:54.471 default [restartedMain] INFO  o.a.catalina.core.StandardEngine - Starting Servlet engine: [Apache Tomcat/9.0.71]
16:53:54.496 default [restartedMain] INFO  o.a.c.c.C.[Tomcat].[localhost].[/] - Initializing Spring embedded WebApplicationContext
16:53:54.497 default [restartedMain] INFO  o.s.b.w.s.c.ServletWebServerApplicationContext - Root WebApplicationContext: initialization completed in 399 ms
16:53:54.506 default [restartedMain] INFO  com.zaxxer.hikari.HikariDataSource - HikariPool-4 - Starting...
16:53:54.509 default [restartedMain] INFO  com.zaxxer.hikari.HikariDataSource - HikariPool-4 - Start completed.
16:53:54.510 default [restartedMain] INFO  o.s.b.a.h.H2ConsoleAutoConfiguration - H2 console available at '/h2-console'. Database available at 'jdbc:h2:mem:396d7867-77c3-434c-a476-5dabb66748f4'
16:53:54.532 default [restartedMain] INFO  o.h.jpa.internal.util.LogHelper - HHH000204: Processing PersistenceUnitInfo [name: default]
16:53:54.538 default [restartedMain] INFO  org.hibernate.dialect.Dialect - HHH000400: Using dialect: org.hibernate.dialect.H2Dialect
16:53:54.546 default [restartedMain] INFO  o.h.e.t.j.p.i.JtaPlatformInitiator - HHH000490: Using JtaPlatform implementation: [org.hibernate.engine.transaction.jta.platform.internal.NoJtaPlatform]
16:53:54.547 default [restartedMain] INFO  o.s.o.j.LocalContainerEntityManagerFactoryBean - Initialized JPA EntityManagerFactory for persistence unit 'default'
16:53:54.611 default [restartedMain] WARN  o.s.b.a.o.j.JpaBaseConfiguration$JpaWebConfiguration - spring.jpa.open-in-view is enabled by default. Therefore, database queries may be performed during view rendering. Explicitly configure spring.jpa.open-in-view to disable this warning
16:53:54.655 default [restartedMain] INFO  s.d.s.w.PropertySourcedRequestMappingHandlerMapping - Mapped URL path [/v2/api-docs] onto method [springfox.documentation.swagger2.web.Swagger2Controller#getDocumentation(String, HttpServletRequest)]
16:53:54.684 default [restartedMain] INFO  o.s.b.d.a.OptionalLiveReloadServer - LiveReload server is running on port 35729
16:53:54.786 default [restartedMain] INFO  o.a.coyote.http11.Http11NioProtocol - Starting ProtocolHandler ["http-nio-8080"]
16:53:54.792 default [restartedMain] INFO  o.s.b.w.e.tomcat.TomcatWebServer - Tomcat started on port(s): 8080 (http) with context path ''
16:53:54.794 default [restartedMain] INFO  s.d.s.w.p.DocumentationPluginsBootstrapper - Context refreshed
16:53:54.795 default [restartedMain] INFO  s.d.s.w.p.DocumentationPluginsBootstrapper - Found 1 custom documentation plugin(s)
16:53:54.799 default [restartedMain] INFO  s.d.s.w.s.ApiListingReferenceScanner - Scanning for api listing references
16:53:54.831 default [restartedMain] INFO  c.e.d.DemoCommunicateApiApplication - Started DemoCommunicateApiApplication in 0.785 seconds (JVM running for 3432.74)
16:53:54.834 default [restartedMain] INFO  o.s.b.d.a.ConditionEvaluationDeltaLoggingListener - Condition evaluation unchanged
16:53:58.243 default [File Watcher] INFO  o.s.b.d.a.LocalDevToolsAutoConfiguration$RestartingClassPathChangeChangedEventListener - Restarting due to 1 class path change (0 additions, 0 deletions, 1 modification)
16:53:58.258 default [Thread-16] INFO  o.a.coyote.http11.Http11NioProtocol - Pausing ProtocolHandler ["http-nio-8080"]
16:53:58.259 default [Thread-16] INFO  o.a.catalina.core.StandardService - Stopping service [Tomcat]
16:53:58.261 default [Thread-16] INFO  o.a.coyote.http11.Http11NioProtocol - Stopping ProtocolHandler ["http-nio-8080"]
16:53:58.262 default [Thread-16] INFO  o.a.coyote.http11.Http11NioProtocol - Destroying ProtocolHandler ["http-nio-8080"]
16:53:58.263 default [Thread-16] INFO  o.s.o.j.LocalContainerEntityManagerFactoryBean - Closing JPA EntityManagerFactory for persistence unit 'default'
16:53:58.263 default [Thread-16] INFO  o.h.t.s.i.SchemaDropperImpl$DelayedDropActionImpl - HHH000477: Starting delayed evictData of schema as part of SessionFactory shut-down'
16:53:58.469 default [Thread-16] WARN  o.s.b.f.s.DisposableBeanAdapter - Invocation of destroy method failed on bean with name 'inMemoryDatabaseShutdownExecutor': org.h2.jdbc.JdbcSQLNonTransientConnectionException: Database is already closed (to disable automatic closing at VM shutdown, add ";DB_CLOSE_ON_EXIT=FALSE" to the db URL) [90121-214]
16:53:58.469 default [Thread-16] INFO  com.zaxxer.hikari.HikariDataSource - HikariPool-4 - Shutdown initiated...
16:53:58.470 default [Thread-16] INFO  com.zaxxer.hikari.HikariDataSource - HikariPool-4 - Shutdown completed.
16:53:58.552 default [restartedMain] INFO  c.e.d.DemoCommunicateApiApplication - Starting DemoCommunicateApiApplication using Java 17.0.8.1 on ITDC-6716 with PID 17212 (D:\eclipse\demoCommunicateAPI\demoCommunicateAPI\target\classes started by user in D:\eclipse\demoCommunicateAPI\demoCommunicateAPI)
16:53:58.552 default [restartedMain] INFO  c.e.d.DemoCommunicateApiApplication - No active profile set, falling back to 1 default profile: "default"
16:53:58.904 default [restartedMain] INFO  o.s.d.r.c.RepositoryConfigurationDelegate - Bootstrapping Spring Data JPA repositories in DEFAULT mode.
16:53:58.909 default [restartedMain] INFO  o.s.d.r.c.RepositoryConfigurationDelegate - Finished Spring Data repository scanning in 4 ms. Found 0 JPA repository interfaces.
16:53:59.026 default [restartedMain] INFO  o.s.b.w.e.tomcat.TomcatWebServer - Tomcat initialized with port(s): 8080 (http)
16:53:59.026 default [restartedMain] INFO  o.a.coyote.http11.Http11NioProtocol - Initializing ProtocolHandler ["http-nio-8080"]
16:53:59.026 default [restartedMain] INFO  o.a.catalina.core.StandardService - Starting service [Tomcat]
16:53:59.027 default [restartedMain] INFO  o.a.catalina.core.StandardEngine - Starting Servlet engine: [Apache Tomcat/9.0.71]
16:53:59.052 default [restartedMain] INFO  o.a.c.c.C.[Tomcat].[localhost].[/] - Initializing Spring embedded WebApplicationContext
16:53:59.052 default [restartedMain] INFO  o.s.b.w.s.c.ServletWebServerApplicationContext - Root WebApplicationContext: initialization completed in 497 ms
16:53:59.065 default [restartedMain] INFO  com.zaxxer.hikari.HikariDataSource - HikariPool-5 - Starting...
16:53:59.069 default [restartedMain] INFO  com.zaxxer.hikari.HikariDataSource - HikariPool-5 - Start completed.
16:53:59.069 default [restartedMain] INFO  o.s.b.a.h.H2ConsoleAutoConfiguration - H2 console available at '/h2-console'. Database available at 'jdbc:h2:mem:44388152-2d69-46cf-8b28-61b9252bd09c'
16:53:59.095 default [restartedMain] INFO  o.h.jpa.internal.util.LogHelper - HHH000204: Processing PersistenceUnitInfo [name: default]
16:53:59.099 default [restartedMain] INFO  org.hibernate.dialect.Dialect - HHH000400: Using dialect: org.hibernate.dialect.H2Dialect
16:53:59.106 default [restartedMain] INFO  o.h.e.t.j.p.i.JtaPlatformInitiator - HHH000490: Using JtaPlatform implementation: [org.hibernate.engine.transaction.jta.platform.internal.NoJtaPlatform]
16:53:59.107 default [restartedMain] INFO  o.s.o.j.LocalContainerEntityManagerFactoryBean - Initialized JPA EntityManagerFactory for persistence unit 'default'
16:53:59.194 default [restartedMain] WARN  o.s.b.a.o.j.JpaBaseConfiguration$JpaWebConfiguration - spring.jpa.open-in-view is enabled by default. Therefore, database queries may be performed during view rendering. Explicitly configure spring.jpa.open-in-view to disable this warning
16:53:59.257 default [restartedMain] INFO  s.d.s.w.PropertySourcedRequestMappingHandlerMapping - Mapped URL path [/v2/api-docs] onto method [springfox.documentation.swagger2.web.Swagger2Controller#getDocumentation(String, HttpServletRequest)]
16:53:59.302 default [restartedMain] INFO  o.s.b.d.a.OptionalLiveReloadServer - LiveReload server is running on port 35729
16:53:59.420 default [restartedMain] INFO  o.a.coyote.http11.Http11NioProtocol - Starting ProtocolHandler ["http-nio-8080"]
16:53:59.432 default [restartedMain] INFO  o.s.b.w.e.tomcat.TomcatWebServer - Tomcat started on port(s): 8080 (http) with context path ''
16:53:59.433 default [restartedMain] INFO  s.d.s.w.p.DocumentationPluginsBootstrapper - Context refreshed
16:53:59.435 default [restartedMain] INFO  s.d.s.w.p.DocumentationPluginsBootstrapper - Found 1 custom documentation plugin(s)
16:53:59.443 default [restartedMain] INFO  s.d.s.w.s.ApiListingReferenceScanner - Scanning for api listing references
16:53:59.487 default [restartedMain] INFO  c.e.d.DemoCommunicateApiApplication - Started DemoCommunicateApiApplication in 0.977 seconds (JVM running for 3437.397)
16:53:59.491 default [restartedMain] INFO  o.s.b.d.a.ConditionEvaluationDeltaLoggingListener - Condition evaluation unchanged
16:54:08.981 default [File Watcher] INFO  o.s.b.d.a.LocalDevToolsAutoConfiguration$RestartingClassPathChangeChangedEventListener - Restarting due to 1 class path change (0 additions, 0 deletions, 1 modification)
16:54:08.990 default [Thread-20] INFO  o.a.coyote.http11.Http11NioProtocol - Pausing ProtocolHandler ["http-nio-8080"]
16:54:08.990 default [Thread-20] INFO  o.a.catalina.core.StandardService - Stopping service [Tomcat]
16:54:08.992 default [Thread-20] INFO  o.a.coyote.http11.Http11NioProtocol - Stopping ProtocolHandler ["http-nio-8080"]
16:54:08.993 default [Thread-20] INFO  o.a.coyote.http11.Http11NioProtocol - Destroying ProtocolHandler ["http-nio-8080"]
16:54:08.994 default [Thread-20] INFO  o.s.o.j.LocalContainerEntityManagerFactoryBean - Closing JPA EntityManagerFactory for persistence unit 'default'
16:54:08.994 default [Thread-20] INFO  o.h.t.s.i.SchemaDropperImpl$DelayedDropActionImpl - HHH000477: Starting delayed evictData of schema as part of SessionFactory shut-down'
16:54:09.199 default [Thread-20] WARN  o.s.b.f.s.DisposableBeanAdapter - Invocation of destroy method failed on bean with name 'inMemoryDatabaseShutdownExecutor': org.h2.jdbc.JdbcSQLNonTransientConnectionException: Database is already closed (to disable automatic closing at VM shutdown, add ";DB_CLOSE_ON_EXIT=FALSE" to the db URL) [90121-214]
16:54:09.200 default [Thread-20] INFO  com.zaxxer.hikari.HikariDataSource - HikariPool-5 - Shutdown initiated...
16:54:09.200 default [Thread-20] INFO  com.zaxxer.hikari.HikariDataSource - HikariPool-5 - Shutdown completed.
16:54:09.274 default [restartedMain] INFO  c.e.d.DemoCommunicateApiApplication - Starting DemoCommunicateApiApplication using Java 17.0.8.1 on ITDC-6716 with PID 17212 (D:\eclipse\demoCommunicateAPI\demoCommunicateAPI\target\classes started by user in D:\eclipse\demoCommunicateAPI\demoCommunicateAPI)
16:54:09.274 default [restartedMain] INFO  c.e.d.DemoCommunicateApiApplication - No active profile set, falling back to 1 default profile: "default"
16:54:09.513 default [restartedMain] INFO  o.s.d.r.c.RepositoryConfigurationDelegate - Bootstrapping Spring Data JPA repositories in DEFAULT mode.
16:54:09.516 default [restartedMain] INFO  o.s.d.r.c.RepositoryConfigurationDelegate - Finished Spring Data repository scanning in 2 ms. Found 0 JPA repository interfaces.
16:54:09.616 default [restartedMain] INFO  o.s.b.w.e.tomcat.TomcatWebServer - Tomcat initialized with port(s): 8080 (http)
16:54:09.617 default [restartedMain] INFO  o.a.coyote.http11.Http11NioProtocol - Initializing ProtocolHandler ["http-nio-8080"]
16:54:09.617 default [restartedMain] INFO  o.a.catalina.core.StandardService - Starting service [Tomcat]
16:54:09.618 default [restartedMain] INFO  o.a.catalina.core.StandardEngine - Starting Servlet engine: [Apache Tomcat/9.0.71]
16:54:09.649 default [restartedMain] INFO  o.a.c.c.C.[Tomcat].[localhost].[/] - Initializing Spring embedded WebApplicationContext
16:54:09.649 default [restartedMain] INFO  o.s.b.w.s.c.ServletWebServerApplicationContext - Root WebApplicationContext: initialization completed in 371 ms
16:54:09.662 default [restartedMain] INFO  com.zaxxer.hikari.HikariDataSource - HikariPool-6 - Starting...
16:54:09.674 default [restartedMain] INFO  com.zaxxer.hikari.HikariDataSource - HikariPool-6 - Start completed.
16:54:09.676 default [restartedMain] INFO  o.s.b.a.h.H2ConsoleAutoConfiguration - H2 console available at '/h2-console'. Database available at 'jdbc:h2:mem:71f3bfbf-99db-4b8b-8553-1a7c28c35e97'
16:54:09.722 default [restartedMain] INFO  o.h.jpa.internal.util.LogHelper - HHH000204: Processing PersistenceUnitInfo [name: default]
16:54:09.728 default [restartedMain] INFO  org.hibernate.dialect.Dialect - HHH000400: Using dialect: org.hibernate.dialect.H2Dialect
16:54:09.737 default [restartedMain] INFO  o.h.e.t.j.p.i.JtaPlatformInitiator - HHH000490: Using JtaPlatform implementation: [org.hibernate.engine.transaction.jta.platform.internal.NoJtaPlatform]
16:54:09.738 default [restartedMain] INFO  o.s.o.j.LocalContainerEntityManagerFactoryBean - Initialized JPA EntityManagerFactory for persistence unit 'default'
16:54:09.827 default [restartedMain] WARN  o.s.b.a.o.j.JpaBaseConfiguration$JpaWebConfiguration - spring.jpa.open-in-view is enabled by default. Therefore, database queries may be performed during view rendering. Explicitly configure spring.jpa.open-in-view to disable this warning
16:54:09.868 default [restartedMain] INFO  s.d.s.w.PropertySourcedRequestMappingHandlerMapping - Mapped URL path [/v2/api-docs] onto method [springfox.documentation.swagger2.web.Swagger2Controller#getDocumentation(String, HttpServletRequest)]
16:54:09.895 default [restartedMain] INFO  o.s.b.d.a.OptionalLiveReloadServer - LiveReload server is running on port 35729
16:54:09.962 default [restartedMain] INFO  o.a.coyote.http11.Http11NioProtocol - Starting ProtocolHandler ["http-nio-8080"]
16:54:09.969 default [restartedMain] INFO  o.s.b.w.e.tomcat.TomcatWebServer - Tomcat started on port(s): 8080 (http) with context path ''
16:54:09.970 default [restartedMain] INFO  s.d.s.w.p.DocumentationPluginsBootstrapper - Context refreshed
16:54:09.971 default [restartedMain] INFO  s.d.s.w.p.DocumentationPluginsBootstrapper - Found 1 custom documentation plugin(s)
16:54:09.976 default [restartedMain] INFO  s.d.s.w.s.ApiListingReferenceScanner - Scanning for api listing references
16:54:10.002 default [restartedMain] INFO  c.e.d.DemoCommunicateApiApplication - Started DemoCommunicateApiApplication in 0.763 seconds (JVM running for 3447.912)
16:54:10.005 default [restartedMain] INFO  o.s.b.d.a.ConditionEvaluationDeltaLoggingListener - Condition evaluation unchanged
16:55:08.820 default [File Watcher] INFO  o.s.b.d.a.LocalDevToolsAutoConfiguration$RestartingClassPathChangeChangedEventListener - Restarting due to 1 class path change (0 additions, 0 deletions, 1 modification)
16:55:08.827 default [Thread-24] INFO  o.a.coyote.http11.Http11NioProtocol - Pausing ProtocolHandler ["http-nio-8080"]
16:55:08.827 default [Thread-24] INFO  o.a.catalina.core.StandardService - Stopping service [Tomcat]
16:55:08.829 default [Thread-24] INFO  o.a.coyote.http11.Http11NioProtocol - Stopping ProtocolHandler ["http-nio-8080"]
16:55:08.830 default [Thread-24] INFO  o.a.coyote.http11.Http11NioProtocol - Destroying ProtocolHandler ["http-nio-8080"]
16:55:08.831 default [Thread-24] INFO  o.s.o.j.LocalContainerEntityManagerFactoryBean - Closing JPA EntityManagerFactory for persistence unit 'default'
16:55:08.831 default [Thread-24] INFO  o.h.t.s.i.SchemaDropperImpl$DelayedDropActionImpl - HHH000477: Starting delayed evictData of schema as part of SessionFactory shut-down'
16:55:09.036 default [Thread-24] WARN  o.s.b.f.s.DisposableBeanAdapter - Invocation of destroy method failed on bean with name 'inMemoryDatabaseShutdownExecutor': org.h2.jdbc.JdbcSQLNonTransientConnectionException: Database is already closed (to disable automatic closing at VM shutdown, add ";DB_CLOSE_ON_EXIT=FALSE" to the db URL) [90121-214]
16:55:09.037 default [Thread-24] INFO  com.zaxxer.hikari.HikariDataSource - HikariPool-6 - Shutdown initiated...
16:55:09.038 default [Thread-24] INFO  com.zaxxer.hikari.HikariDataSource - HikariPool-6 - Shutdown completed.
16:55:09.107 default [restartedMain] INFO  c.e.d.DemoCommunicateApiApplication - Starting DemoCommunicateApiApplication using Java 17.0.8.1 on ITDC-6716 with PID 17212 (D:\eclipse\demoCommunicateAPI\demoCommunicateAPI\target\classes started by user in D:\eclipse\demoCommunicateAPI\demoCommunicateAPI)
16:55:09.107 default [restartedMain] INFO  c.e.d.DemoCommunicateApiApplication - No active profile set, falling back to 1 default profile: "default"
16:55:09.309 default [restartedMain] INFO  o.s.d.r.c.RepositoryConfigurationDelegate - Bootstrapping Spring Data JPA repositories in DEFAULT mode.
16:55:09.310 default [restartedMain] INFO  o.s.d.r.c.RepositoryConfigurationDelegate - Finished Spring Data repository scanning in 1 ms. Found 0 JPA repository interfaces.
16:55:09.475 default [restartedMain] INFO  o.s.b.w.e.tomcat.TomcatWebServer - Tomcat initialized with port(s): 8080 (http)
16:55:09.476 default [restartedMain] INFO  o.a.coyote.http11.Http11NioProtocol - Initializing ProtocolHandler ["http-nio-8080"]
16:55:09.477 default [restartedMain] INFO  o.a.catalina.core.StandardService - Starting service [Tomcat]
16:55:09.477 default [restartedMain] INFO  o.a.catalina.core.StandardEngine - Starting Servlet engine: [Apache Tomcat/9.0.71]
16:55:09.509 default [restartedMain] INFO  o.a.c.c.C.[Tomcat].[localhost].[/] - Initializing Spring embedded WebApplicationContext
16:55:09.509 default [restartedMain] INFO  o.s.b.w.s.c.ServletWebServerApplicationContext - Root WebApplicationContext: initialization completed in 400 ms
16:55:09.535 default [restartedMain] INFO  com.zaxxer.hikari.HikariDataSource - HikariPool-7 - Starting...
16:55:09.541 default [restartedMain] INFO  com.zaxxer.hikari.HikariDataSource - HikariPool-7 - Start completed.
16:55:09.541 default [restartedMain] INFO  o.s.b.a.h.H2ConsoleAutoConfiguration - H2 console available at '/h2-console'. Database available at 'jdbc:h2:mem:5e3e38b0-06bc-4a68-92f0-9088bfb3233b'
16:55:09.584 default [restartedMain] INFO  o.h.jpa.internal.util.LogHelper - HHH000204: Processing PersistenceUnitInfo [name: default]
16:55:09.589 default [restartedMain] INFO  org.hibernate.dialect.Dialect - HHH000400: Using dialect: org.hibernate.dialect.H2Dialect
16:55:09.601 default [restartedMain] INFO  o.h.e.t.j.p.i.JtaPlatformInitiator - HHH000490: Using JtaPlatform implementation: [org.hibernate.engine.transaction.jta.platform.internal.NoJtaPlatform]
16:55:09.601 default [restartedMain] INFO  o.s.o.j.LocalContainerEntityManagerFactoryBean - Initialized JPA EntityManagerFactory for persistence unit 'default'
16:55:09.706 default [restartedMain] WARN  o.s.b.a.o.j.JpaBaseConfiguration$JpaWebConfiguration - spring.jpa.open-in-view is enabled by default. Therefore, database queries may be performed during view rendering. Explicitly configure spring.jpa.open-in-view to disable this warning
16:55:09.792 default [restartedMain] INFO  s.d.s.w.PropertySourcedRequestMappingHandlerMapping - Mapped URL path [/v2/api-docs] onto method [springfox.documentation.swagger2.web.Swagger2Controller#getDocumentation(String, HttpServletRequest)]
16:55:09.870 default [restartedMain] INFO  o.s.b.d.a.OptionalLiveReloadServer - LiveReload server is running on port 35729
16:55:09.982 default [restartedMain] INFO  o.a.coyote.http11.Http11NioProtocol - Starting ProtocolHandler ["http-nio-8080"]
16:55:09.995 default [restartedMain] INFO  o.s.b.w.e.tomcat.TomcatWebServer - Tomcat started on port(s): 8080 (http) with context path ''
16:55:09.996 default [restartedMain] INFO  s.d.s.w.p.DocumentationPluginsBootstrapper - Context refreshed
16:55:09.997 default [restartedMain] INFO  s.d.s.w.p.DocumentationPluginsBootstrapper - Found 1 custom documentation plugin(s)
16:55:10.003 default [restartedMain] INFO  s.d.s.w.s.ApiListingReferenceScanner - Scanning for api listing references
16:55:10.043 default [restartedMain] INFO  c.e.d.DemoCommunicateApiApplication - Started DemoCommunicateApiApplication in 0.967 seconds (JVM running for 3507.953)
16:55:10.046 default [restartedMain] INFO  o.s.b.d.a.ConditionEvaluationDeltaLoggingListener - Condition evaluation unchanged
16:55:14.894 default [File Watcher] INFO  o.s.b.d.a.LocalDevToolsAutoConfiguration$RestartingClassPathChangeChangedEventListener - Restarting due to 2 class path changes (0 additions, 0 deletions, 2 modifications)
16:55:14.901 default [Thread-28] INFO  o.a.coyote.http11.Http11NioProtocol - Pausing ProtocolHandler ["http-nio-8080"]
16:55:14.901 default [Thread-28] INFO  o.a.catalina.core.StandardService - Stopping service [Tomcat]
16:55:14.902 default [Thread-28] INFO  o.a.coyote.http11.Http11NioProtocol - Stopping ProtocolHandler ["http-nio-8080"]
16:55:14.903 default [Thread-28] INFO  o.a.coyote.http11.Http11NioProtocol - Destroying ProtocolHandler ["http-nio-8080"]
16:55:14.904 default [Thread-28] INFO  o.s.o.j.LocalContainerEntityManagerFactoryBean - Closing JPA EntityManagerFactory for persistence unit 'default'
16:55:14.904 default [Thread-28] INFO  o.h.t.s.i.SchemaDropperImpl$DelayedDropActionImpl - HHH000477: Starting delayed evictData of schema as part of SessionFactory shut-down'
16:55:15.112 default [Thread-28] WARN  o.s.b.f.s.DisposableBeanAdapter - Invocation of destroy method failed on bean with name 'inMemoryDatabaseShutdownExecutor': org.h2.jdbc.JdbcSQLNonTransientConnectionException: Database is already closed (to disable automatic closing at VM shutdown, add ";DB_CLOSE_ON_EXIT=FALSE" to the db URL) [90121-214]
16:55:15.113 default [Thread-28] INFO  com.zaxxer.hikari.HikariDataSource - HikariPool-7 - Shutdown initiated...
16:55:15.114 default [Thread-28] INFO  com.zaxxer.hikari.HikariDataSource - HikariPool-7 - Shutdown completed.
16:55:15.187 default [restartedMain] INFO  c.e.d.DemoCommunicateApiApplication - Starting DemoCommunicateApiApplication using Java 17.0.8.1 on ITDC-6716 with PID 17212 (D:\eclipse\demoCommunicateAPI\demoCommunicateAPI\target\classes started by user in D:\eclipse\demoCommunicateAPI\demoCommunicateAPI)
16:55:15.188 default [restartedMain] INFO  c.e.d.DemoCommunicateApiApplication - No active profile set, falling back to 1 default profile: "default"
16:55:15.470 default [restartedMain] INFO  o.s.d.r.c.RepositoryConfigurationDelegate - Bootstrapping Spring Data JPA repositories in DEFAULT mode.
16:55:15.473 default [restartedMain] INFO  o.s.d.r.c.RepositoryConfigurationDelegate - Finished Spring Data repository scanning in 2 ms. Found 0 JPA repository interfaces.
16:55:15.570 default [restartedMain] INFO  o.s.b.w.e.tomcat.TomcatWebServer - Tomcat initialized with port(s): 8080 (http)
16:55:15.572 default [restartedMain] INFO  o.a.coyote.http11.Http11NioProtocol - Initializing ProtocolHandler ["http-nio-8080"]
16:55:15.572 default [restartedMain] INFO  o.a.catalina.core.StandardService - Starting service [Tomcat]
16:55:15.572 default [restartedMain] INFO  o.a.catalina.core.StandardEngine - Starting Servlet engine: [Apache Tomcat/9.0.71]
16:55:15.593 default [restartedMain] INFO  o.a.c.c.C.[Tomcat].[localhost].[/] - Initializing Spring embedded WebApplicationContext
16:55:15.593 default [restartedMain] INFO  o.s.b.w.s.c.ServletWebServerApplicationContext - Root WebApplicationContext: initialization completed in 402 ms
16:55:15.600 default [restartedMain] INFO  com.zaxxer.hikari.HikariDataSource - HikariPool-8 - Starting...
16:55:15.603 default [restartedMain] INFO  com.zaxxer.hikari.HikariDataSource - HikariPool-8 - Start completed.
16:55:15.604 default [restartedMain] INFO  o.s.b.a.h.H2ConsoleAutoConfiguration - H2 console available at '/h2-console'. Database available at 'jdbc:h2:mem:763e9146-f908-4a5e-8983-fe0e19d1d375'
16:55:15.621 default [restartedMain] INFO  o.h.jpa.internal.util.LogHelper - HHH000204: Processing PersistenceUnitInfo [name: default]
16:55:15.627 default [restartedMain] INFO  org.hibernate.dialect.Dialect - HHH000400: Using dialect: org.hibernate.dialect.H2Dialect
16:55:15.633 default [restartedMain] INFO  o.h.e.t.j.p.i.JtaPlatformInitiator - HHH000490: Using JtaPlatform implementation: [org.hibernate.engine.transaction.jta.platform.internal.NoJtaPlatform]
16:55:15.633 default [restartedMain] INFO  o.s.o.j.LocalContainerEntityManagerFactoryBean - Initialized JPA EntityManagerFactory for persistence unit 'default'
16:55:15.696 default [restartedMain] WARN  o.s.b.a.o.j.JpaBaseConfiguration$JpaWebConfiguration - spring.jpa.open-in-view is enabled by default. Therefore, database queries may be performed during view rendering. Explicitly configure spring.jpa.open-in-view to disable this warning
16:55:15.727 default [restartedMain] INFO  s.d.s.w.PropertySourcedRequestMappingHandlerMapping - Mapped URL path [/v2/api-docs] onto method [springfox.documentation.swagger2.web.Swagger2Controller#getDocumentation(String, HttpServletRequest)]
16:55:15.748 default [restartedMain] INFO  o.s.b.d.a.OptionalLiveReloadServer - LiveReload server is running on port 35729
16:55:15.800 default [restartedMain] INFO  o.a.coyote.http11.Http11NioProtocol - Starting ProtocolHandler ["http-nio-8080"]
16:55:15.807 default [restartedMain] INFO  o.s.b.w.e.tomcat.TomcatWebServer - Tomcat started on port(s): 8080 (http) with context path ''
16:55:15.808 default [restartedMain] INFO  s.d.s.w.p.DocumentationPluginsBootstrapper - Context refreshed
16:55:15.809 default [restartedMain] INFO  s.d.s.w.p.DocumentationPluginsBootstrapper - Found 1 custom documentation plugin(s)
16:55:15.814 default [restartedMain] INFO  s.d.s.w.s.ApiListingReferenceScanner - Scanning for api listing references
16:55:15.839 default [restartedMain] INFO  c.e.d.DemoCommunicateApiApplication - Started DemoCommunicateApiApplication in 0.685 seconds (JVM running for 3513.749)
16:55:15.842 default [restartedMain] INFO  o.s.b.d.a.ConditionEvaluationDeltaLoggingListener - Condition evaluation unchanged
17:23:27.685 default [restartedMain] INFO  c.e.d.DemoCommunicateApiApplication - Starting DemoCommunicateApiApplication using Java 17.0.8.1 on ITDC-6716 with PID 3536 (D:\eclipse\demoCommunicateAPI\demoCommunicateAPI\target\classes started by user in D:\eclipse\demoCommunicateAPI\demoCommunicateAPI)
17:23:27.690 default [restartedMain] INFO  c.e.d.DemoCommunicateApiApplication - No active profile set, falling back to 1 default profile: "default"
17:23:27.765 default [restartedMain] INFO  o.s.b.d.e.DevToolsPropertyDefaultsPostProcessor - Devtools property defaults active! Set 'spring.devtools.add-properties' to 'false' to disable
17:23:27.766 default [restartedMain] INFO  o.s.b.d.e.DevToolsPropertyDefaultsPostProcessor - For additional web related logging consider setting the 'logging.level.web' property to 'DEBUG'
17:23:28.561 default [restartedMain] INFO  o.s.d.r.c.RepositoryConfigurationDelegate - Bootstrapping Spring Data JPA repositories in DEFAULT mode.
17:23:28.580 default [restartedMain] INFO  o.s.d.r.c.RepositoryConfigurationDelegate - Finished Spring Data repository scanning in 8 ms. Found 0 JPA repository interfaces.
17:23:29.407 default [restartedMain] INFO  o.s.b.w.e.tomcat.TomcatWebServer - Tomcat initialized with port(s): 8080 (http)
17:23:29.420 default [restartedMain] INFO  o.a.coyote.http11.Http11NioProtocol - Initializing ProtocolHandler ["http-nio-8080"]
17:23:29.421 default [restartedMain] INFO  o.a.catalina.core.StandardService - Starting service [Tomcat]
17:23:29.421 default [restartedMain] INFO  o.a.catalina.core.StandardEngine - Starting Servlet engine: [Apache Tomcat/9.0.71]
17:23:29.570 default [restartedMain] INFO  o.a.c.c.C.[Tomcat].[localhost].[/] - Initializing Spring embedded WebApplicationContext
17:23:29.570 default [restartedMain] INFO  o.s.b.w.s.c.ServletWebServerApplicationContext - Root WebApplicationContext: initialization completed in 1802 ms
17:23:29.613 default [restartedMain] INFO  com.zaxxer.hikari.HikariDataSource - HikariPool-1 - Starting...
17:23:29.857 default [restartedMain] INFO  com.zaxxer.hikari.HikariDataSource - HikariPool-1 - Start completed.
17:23:29.870 default [restartedMain] INFO  o.s.b.a.h.H2ConsoleAutoConfiguration - H2 console available at '/h2-console'. Database available at 'jdbc:h2:mem:2249aa30-9211-4266-aac5-c3c1cd941366'
17:23:30.069 default [restartedMain] INFO  o.h.jpa.internal.util.LogHelper - HHH000204: Processing PersistenceUnitInfo [name: default]
17:23:30.128 default [restartedMain] INFO  org.hibernate.Version - HHH000412: Hibernate ORM core version 5.6.15.Final
17:23:30.302 default [restartedMain] INFO  o.h.annotations.common.Version - HCANN000001: Hibernate Commons Annotations {5.1.2.Final}
17:23:30.430 default [restartedMain] INFO  org.hibernate.dialect.Dialect - HHH000400: Using dialect: org.hibernate.dialect.H2Dialect
17:23:30.732 default [restartedMain] INFO  o.h.e.t.j.p.i.JtaPlatformInitiator - HHH000490: Using JtaPlatform implementation: [org.hibernate.engine.transaction.jta.platform.internal.NoJtaPlatform]
17:23:30.752 default [restartedMain] INFO  o.s.o.j.LocalContainerEntityManagerFactoryBean - Initialized JPA EntityManagerFactory for persistence unit 'default'
17:23:31.009 default [restartedMain] WARN  o.s.b.a.o.j.JpaBaseConfiguration$JpaWebConfiguration - spring.jpa.open-in-view is enabled by default. Therefore, database queries may be performed during view rendering. Explicitly configure spring.jpa.open-in-view to disable this warning
17:23:31.177 default [restartedMain] INFO  s.d.s.w.PropertySourcedRequestMappingHandlerMapping - Mapped URL path [/v2/api-docs] onto method [springfox.documentation.swagger2.web.Swagger2Controller#getDocumentation(String, HttpServletRequest)]
17:23:31.292 default [restartedMain] INFO  o.s.b.d.a.OptionalLiveReloadServer - LiveReload server is running on port 35729
17:23:31.560 default [restartedMain] INFO  o.a.coyote.http11.Http11NioProtocol - Starting ProtocolHandler ["http-nio-8080"]
17:23:31.650 default [restartedMain] INFO  o.s.b.w.e.tomcat.TomcatWebServer - Tomcat started on port(s): 8080 (http) with context path ''
17:23:31.652 default [restartedMain] INFO  s.d.s.w.p.DocumentationPluginsBootstrapper - Context refreshed
17:23:31.681 default [restartedMain] INFO  s.d.s.w.p.DocumentationPluginsBootstrapper - Found 1 custom documentation plugin(s)
17:23:31.724 default [restartedMain] INFO  s.d.s.w.s.ApiListingReferenceScanner - Scanning for api listing references
17:23:31.884 default [restartedMain] INFO  c.e.d.DemoCommunicateApiApplication - Started DemoCommunicateApiApplication in 4.613 seconds (JVM running for 5.397)
